# JRE version: OpenJDK Runtime Environment (11.0.2+7) (build 11.0.2+7-Debian-1)
# Java VM: OpenJDK 64-Bit Server VM (11.0.2+7-Debian-1, mixed mode, sharing, tiered, compressed oops, g1 gc, linux-amd64)
Heap:
 garbage-first heap   total 144384K, used 18098K [0x00000000f0000000, 0x0000000100000000)
  region size 1024K, 1 young (1024K), 1 survivors (1024K)
 Metaspace       used 25957K, capacity 26370K, committed 27648K, reserved 1073152K
  class space    used 2732K, capacity 2896K, committed 3328K, reserved 1048576K
GC Heap History (10 events):
Event: 858.253 GC heap after
{Heap after GC invocations=52 (full 0):
 garbage-first heap   total 32768K, used 17557K [0x00000000f0000000, 0x0000000100000000)
  region size 1024K, 1 young (1024K), 1 survivors (1024K)
 Metaspace       used 25955K, capacity 26370K, committed 27648K, reserved 1073152K
  class space    used 2732K, capacity 2896K, committed 3328K, reserved 1048576K
}
Event: 861.109 GC heap before
{Heap before GC invocations=52 (full 0):
 garbage-first heap   total 32768K, used 18581K [0x00000000f0000000, 0x0000000100000000)
  region size 1024K, 2 young (2048K), 1 survivors (1024K)
 Metaspace       used 25955K, capacity 26370K, committed 27648K, reserved 1073152K
  class space    used 2732K, capacity 2896K, committed 3328K, reserved 1048576K
}
Event: 873.871 GC heap after
{Heap after GC invocations=53 (full 0):
 garbage-first heap   total 65536K, used 17637K [0x00000000f0000000, 0x0000000100000000)
  region size 1024K, 1 young (1024K), 1 survivors (1024K)
 Metaspace       used 25955K, capacity 26370K, committed 27648K, reserved 1073152K
  class space    used 2732K, capacity 2896K, committed 3328K, reserved 1048576K
}
Event: 877.590 GC heap before
{Heap before GC invocations=53 (full 0):
 garbage-first heap   total 65536K, used 19685K [0x00000000f0000000, 0x0000000100000000)
  region size 1024K, 3 young (3072K), 1 survivors (1024K)
 Metaspace       used 25955K, capacity 26370K, committed 27648K, reserved 1073152K
  class space    used 2732K, capacity 2896K, committed 3328K, reserved 1048576K
}
Event: 887.072 GC heap after
{Heap after GC invocations=54 (full 0):
 garbage-first heap   total 65536K, used 17608K [0x00000000f0000000, 0x0000000100000000)
  region size 1024K, 1 young (1024K), 1 survivors (1024K)
 Metaspace       used 25955K, capacity 26370K, committed 27648K, reserved 1073152K
  class space    used 2732K, capacity 2896K, committed 3328K, reserved 1048576K
}
Event: 892.682 GC heap before
{Heap before GC invocations=55 (full 0):
 garbage-first heap   total 65536K, used 19656K [0x00000000f0000000, 0x0000000100000000)
  region size 1024K, 3 young (3072K), 1 survivors (1024K)
 Metaspace       used 25956K, capacity 26370K, committed 27648K, reserved 1073152K
  class space    used 2732K, capacity 2896K, committed 3328K, reserved 1048576K
}
Event: 902.558 GC heap after
{Heap after GC invocations=56 (full 0):
 garbage-first heap   total 65536K, used 17733K [0x00000000f0000000, 0x0000000100000000)
  region size 1024K, 1 young (1024K), 1 survivors (1024K)
 Metaspace       used 25956K, capacity 26370K, committed 27648K, reserved 1073152K
  class space    used 2732K, capacity 2896K, committed 3328K, reserved 1048576K
}
Event: 904.173 GC heap before
{Heap before GC invocations=56 (full 0):
 garbage-first heap   total 65536K, used 19781K [0x00000000f0000000, 0x0000000100000000)
  region size 1024K, 3 young (3072K), 1 survivors (1024K)
 Metaspace       used 25956K, capacity 26370K, committed 27648K, reserved 1073152K
  class space    used 2732K, capacity 2896K, committed 3328K, reserved 1048576K
}
Event: 923.184 GC heap after
{Heap after GC invocations=57 (full 0):
 garbage-first heap   total 65536K, used 17960K [0x00000000f0000000, 0x0000000100000000)
  region size 1024K, 1 young (1024K), 1 survivors (1024K)
 Metaspace       used 25956K, capacity 26370K, committed 27648K, reserved 1073152K
  class space    used 2732K, capacity 2896K, committed 3328K, reserved 1048576K
}
Event: 926.567 GC heap before
{Heap before GC invocations=57 (full 0):
 garbage-first heap   total 65536K, used 20008K [0x00000000f0000000, 0x0000000100000000)
  region size 1024K, 3 young (3072K), 1 survivors (1024K)
 Metaspace       used 25957K, capacity 26370K, committed 27648K, reserved 1073152K
  class space    used 2732K, capacity 2896K, committed 3328K, reserved 1048576K
}

